mode: atomic
github.com/switchdatacenters/simplex-lint/internal/checks/complexity.go:22.49,29.2 1 10
github.com/switchdatacenters/simplex-lint/internal/checks/complexity.go:37.48,39.2 1 9
github.com/switchdatacenters/simplex-lint/internal/checks/complexity.go:42.81,44.2 1 2
github.com/switchdatacenters/simplex-lint/internal/checks/complexity.go:47.82,50.36 2 10
github.com/switchdatacenters/simplex-lint/internal/checks/complexity.go:50.36,55.3 4 21
github.com/switchdatacenters/simplex-lint/internal/checks/complexity.go:60.95,61.49 1 10
github.com/switchdatacenters/simplex-lint/internal/checks/complexity.go:61.49,66.3 1 1
github.com/switchdatacenters/simplex-lint/internal/checks/complexity.go:71.97,73.17 2 21
github.com/switchdatacenters/simplex-lint/internal/checks/complexity.go:73.17,75.3 1 1
github.com/switchdatacenters/simplex-lint/internal/checks/complexity.go:77.2,78.31 2 20
github.com/switchdatacenters/simplex-lint/internal/checks/complexity.go:78.31,82.3 1 2
github.com/switchdatacenters/simplex-lint/internal/checks/complexity.go:87.92,88.41 1 21
github.com/switchdatacenters/simplex-lint/internal/checks/complexity.go:88.41,92.3 1 2
github.com/switchdatacenters/simplex-lint/internal/checks/complexity.go:97.92,99.17 2 21
github.com/switchdatacenters/simplex-lint/internal/checks/complexity.go:99.17,101.3 1 1
github.com/switchdatacenters/simplex-lint/internal/checks/complexity.go:103.2,104.29 2 20
github.com/switchdatacenters/simplex-lint/internal/checks/complexity.go:104.29,105.41 1 58
github.com/switchdatacenters/simplex-lint/internal/checks/complexity.go:105.41,112.4 1 1
github.com/switchdatacenters/simplex-lint/internal/checks/complexity.go:118.97,122.35 3 21
github.com/switchdatacenters/simplex-lint/internal/checks/complexity.go:122.35,124.3 1 1
github.com/switchdatacenters/simplex-lint/internal/checks/complexity.go:126.2,129.32 3 20
github.com/switchdatacenters/simplex-lint/internal/checks/complexity.go:129.32,134.3 1 1
github.com/switchdatacenters/simplex-lint/internal/checks/complexity.go:139.39,142.2 2 26
github.com/switchdatacenters/simplex-lint/internal/checks/complexity.go:145.46,149.29 3 47
github.com/switchdatacenters/simplex-lint/internal/checks/complexity.go:149.29,151.44 2 135
github.com/switchdatacenters/simplex-lint/internal/checks/complexity.go:151.44,154.18 2 127
github.com/switchdatacenters/simplex-lint/internal/checks/complexity.go:154.18,156.5 1 127
github.com/switchdatacenters/simplex-lint/internal/checks/complexity.go:161.2,161.21 1 47
github.com/switchdatacenters/simplex-lint/internal/checks/complexity.go:161.21,162.30 1 3
github.com/switchdatacenters/simplex-lint/internal/checks/complexity.go:162.30,164.21 2 7
github.com/switchdatacenters/simplex-lint/internal/checks/complexity.go:164.21,166.5 1 3
github.com/switchdatacenters/simplex-lint/internal/checks/complexity.go:170.2,170.14 1 47
github.com/switchdatacenters/simplex-lint/internal/checks/complexity.go:174.41,178.29 3 25
github.com/switchdatacenters/simplex-lint/internal/checks/complexity.go:178.29,180.20 2 34
github.com/switchdatacenters/simplex-lint/internal/checks/complexity.go:180.20,181.12 1 3
github.com/switchdatacenters/simplex-lint/internal/checks/complexity.go:184.3,184.23 1 31
github.com/switchdatacenters/simplex-lint/internal/checks/complexity.go:184.23,187.37 1 31
github.com/switchdatacenters/simplex-lint/internal/checks/complexity.go:187.37,189.5 1 31
github.com/switchdatacenters/simplex-lint/internal/checks/complexity.go:193.2,193.14 1 25
github.com/switchdatacenters/simplex-lint/internal/checks/complexity.go:206.45,226.23 12 31
github.com/switchdatacenters/simplex-lint/internal/checks/complexity.go:226.23,228.3 1 5
github.com/switchdatacenters/simplex-lint/internal/checks/complexity.go:231.2,246.57 10 31
github.com/switchdatacenters/simplex-lint/internal/checks/complexity.go:246.57,248.3 1 19
github.com/switchdatacenters/simplex-lint/internal/checks/complexity.go:250.2,250.14 1 31
github.com/switchdatacenters/simplex-lint/internal/checks/complexity.go:254.58,256.2 1 1
github.com/switchdatacenters/simplex-lint/internal/checks/structural.go:15.48,17.2 1 11
github.com/switchdatacenters/simplex-lint/internal/checks/structural.go:20.82,22.30 2 11
github.com/switchdatacenters/simplex-lint/internal/checks/structural.go:22.30,24.3 1 1
github.com/switchdatacenters/simplex-lint/internal/checks/structural.go:25.2,26.32 2 10
github.com/switchdatacenters/simplex-lint/internal/checks/structural.go:31.96,32.30 1 11
github.com/switchdatacenters/simplex-lint/internal/checks/structural.go:32.30,34.3 1 1
github.com/switchdatacenters/simplex-lint/internal/checks/structural.go:42.99,43.36 1 10
github.com/switchdatacenters/simplex-lint/internal/checks/structural.go:43.36,46.44 2 13
github.com/switchdatacenters/simplex-lint/internal/checks/structural.go:46.44,48.4 1 1
github.com/switchdatacenters/simplex-lint/internal/checks/structural.go:50.3,50.48 1 13
github.com/switchdatacenters/simplex-lint/internal/checks/structural.go:50.48,52.4 1 1
github.com/switchdatacenters/simplex-lint/internal/checks/structural.go:54.3,54.47 1 13
github.com/switchdatacenters/simplex-lint/internal/checks/structural.go:54.47,56.4 1 2
github.com/switchdatacenters/simplex-lint/internal/checks/structural.go:58.3,58.45 1 13
github.com/switchdatacenters/simplex-lint/internal/checks/structural.go:58.45,66.4 1 2
github.com/switchdatacenters/simplex-lint/internal/checks/structural.go:72.96,75.39 2 10
github.com/switchdatacenters/simplex-lint/internal/checks/structural.go:75.39,78.21 2 3
github.com/switchdatacenters/simplex-lint/internal/checks/structural.go:78.21,80.4 1 3
github.com/switchdatacenters/simplex-lint/internal/checks/structural.go:84.2,84.36 1 10
github.com/switchdatacenters/simplex-lint/internal/checks/structural.go:84.36,86.26 1 13
github.com/switchdatacenters/simplex-lint/internal/checks/structural.go:86.26,88.4 1 13
github.com/switchdatacenters/simplex-lint/internal/checks/structural.go:94.45,96.29 1 9
github.com/switchdatacenters/simplex-lint/internal/checks/structural.go:96.29,97.44 1 53
github.com/switchdatacenters/simplex-lint/internal/checks/structural.go:97.44,98.13 1 7
github.com/switchdatacenters/simplex-lint/internal/checks/structural.go:98.13,100.5 1 7
github.com/switchdatacenters/simplex-lint/internal/checks/structural.go:101.4,101.9 1 0
github.com/switchdatacenters/simplex-lint/internal/checks/structural.go:105.2,105.44 1 2
github.com/switchdatacenters/simplex-lint/internal/checks/structural.go:105.44,107.3 1 1
github.com/switchdatacenters/simplex-lint/internal/checks/structural.go:108.2,108.11 1 1
github.com/switchdatacenters/simplex-lint/internal/checks/structural.go:112.136,126.26 3 13
github.com/switchdatacenters/simplex-lint/internal/checks/structural.go:126.26,128.3 1 10
github.com/switchdatacenters/simplex-lint/internal/checks/structural.go:131.2,131.56 1 3
github.com/switchdatacenters/simplex-lint/internal/checks/structural.go:131.56,133.3 1 1
github.com/switchdatacenters/simplex-lint/internal/checks/structural.go:136.2,136.30 1 2
github.com/switchdatacenters/simplex-lint/internal/checks/structural.go:136.30,140.3 1 1
github.com/switchdatacenters/simplex-lint/internal/checks/structural.go:144.44,147.33 2 21
github.com/switchdatacenters/simplex-lint/internal/checks/structural.go:147.33,149.29 2 155
github.com/switchdatacenters/simplex-lint/internal/checks/structural.go:149.29,151.4 1 25
github.com/switchdatacenters/simplex-lint/internal/checks/structural.go:151.9,151.36 1 130
github.com/switchdatacenters/simplex-lint/internal/checks/structural.go:151.36,153.4 1 126
github.com/switchdatacenters/simplex-lint/internal/checks/structural.go:153.9,153.36 1 4
github.com/switchdatacenters/simplex-lint/internal/checks/structural.go:153.37,155.4 0 4
github.com/switchdatacenters/simplex-lint/internal/checks/structural.go:155.9,157.4 1 0
github.com/switchdatacenters/simplex-lint/internal/checks/structural.go:160.2,164.34 3 21
github.com/switchdatacenters/simplex-lint/internal/checks/structural.go:164.34,165.74 1 56
github.com/switchdatacenters/simplex-lint/internal/checks/structural.go:165.74,167.4 1 5
github.com/switchdatacenters/simplex-lint/internal/checks/structural.go:170.2,170.19 1 16
github.com/switchdatacenters/simplex-lint/internal/checks/structural.go:174.49,175.16 1 23
github.com/switchdatacenters/simplex-lint/internal/checks/structural.go:175.16,177.3 1 1
github.com/switchdatacenters/simplex-lint/internal/checks/structural.go:178.2,178.41 1 22
github.com/switchdatacenters/simplex-lint/internal/result/result.go:53.45,60.2 1 25
github.com/switchdatacenters/simplex-lint/internal/result/result.go:63.63,72.2 2 11
github.com/switchdatacenters/simplex-lint/internal/result/result.go:75.103,85.2 2 2
github.com/switchdatacenters/simplex-lint/internal/result/result.go:88.65,96.2 1 4
github.com/switchdatacenters/simplex-lint/internal/result/result.go:99.105,108.2 1 1
github.com/switchdatacenters/simplex-lint/internal/result/result.go:111.47,113.2 1 2
github.com/switchdatacenters/simplex-lint/internal/result/result.go:116.38,125.23 5 7
github.com/switchdatacenters/simplex-lint/internal/result/result.go:125.23,128.30 3 4
github.com/switchdatacenters/simplex-lint/internal/result/result.go:128.30,130.4 1 4
github.com/switchdatacenters/simplex-lint/internal/result/result.go:131.3,131.23 1 4
github.com/switchdatacenters/simplex-lint/internal/result/result.go:135.2,135.25 1 7
github.com/switchdatacenters/simplex-lint/internal/result/result.go:135.25,138.32 3 2
github.com/switchdatacenters/simplex-lint/internal/result/result.go:138.32,140.4 1 2
github.com/switchdatacenters/simplex-lint/internal/result/result.go:141.3,141.23 1 2
github.com/switchdatacenters/simplex-lint/internal/result/result.go:145.2,149.13 4 7
github.com/switchdatacenters/simplex-lint/internal/result/result.go:149.13,154.3 4 3
github.com/switchdatacenters/simplex-lint/internal/result/result.go:154.8,159.3 4 4
github.com/switchdatacenters/simplex-lint/internal/result/result.go:161.2,161.20 1 7
github.com/switchdatacenters/simplex-lint/internal/result/result.go:165.57,173.25 6 6
github.com/switchdatacenters/simplex-lint/internal/result/result.go:173.25,175.3 1 1
github.com/switchdatacenters/simplex-lint/internal/result/result.go:177.2,177.20 1 6
github.com/switchdatacenters/simplex-lint/internal/result/result.go:181.56,183.28 2 6
github.com/switchdatacenters/simplex-lint/internal/result/result.go:183.28,184.14 1 11
github.com/switchdatacenters/simplex-lint/internal/result/result.go:184.14,186.4 1 6
github.com/switchdatacenters/simplex-lint/internal/result/result.go:188.2,192.3 1 6
github.com/switchdatacenters/simplex-lint/internal/result/result.go:196.48,198.2 1 1
github.com/switchdatacenters/simplex-lint/internal/result/result.go:201.39,204.30 2 1
github.com/switchdatacenters/simplex-lint/internal/result/result.go:204.30,206.27 2 2
github.com/switchdatacenters/simplex-lint/internal/result/result.go:206.27,210.4 3 1
github.com/switchdatacenters/simplex-lint/internal/result/result.go:214.2,221.20 7 1
github.com/switchdatacenters/simplex-lint/internal/result/result.go:225.39,227.2 1 4
github.com/switchdatacenters/simplex-lint/internal/parser/parser.go:104.26,113.2 1 24
github.com/switchdatacenters/simplex-lint/internal/parser/parser.go:116.49,127.23 3 24
github.com/switchdatacenters/simplex-lint/internal/parser/parser.go:127.23,129.3 1 2
github.com/switchdatacenters/simplex-lint/internal/parser/parser.go:132.2,137.13 3 22
github.com/switchdatacenters/simplex-lint/internal/parser/parser.go:141.61,147.31 3 24
github.com/switchdatacenters/simplex-lint/internal/parser/parser.go:147.31,148.17 1 135
github.com/switchdatacenters/simplex-lint/internal/parser/parser.go:148.17,149.12 1 0
github.com/switchdatacenters/simplex-lint/internal/parser/parser.go:152.3,154.29 3 135
github.com/switchdatacenters/simplex-lint/internal/parser/parser.go:154.29,156.4 1 135
github.com/switchdatacenters/simplex-lint/internal/parser/parser.go:159.3,167.5 2 135
github.com/switchdatacenters/simplex-lint/internal/parser/parser.go:170.2,170.16 1 24
github.com/switchdatacenters/simplex-lint/internal/parser/parser.go:174.90,177.28 2 22
github.com/switchdatacenters/simplex-lint/internal/parser/parser.go:177.28,183.25 3 135
github.com/switchdatacenters/simplex-lint/internal/parser/parser.go:183.25,185.4 1 113
github.com/switchdatacenters/simplex-lint/internal/parser/parser.go:185.9,187.4 1 22
github.com/switchdatacenters/simplex-lint/internal/parser/parser.go:190.3,194.22 3 135
github.com/switchdatacenters/simplex-lint/internal/parser/parser.go:194.22,195.21 1 135
github.com/switchdatacenters/simplex-lint/internal/parser/parser.go:195.21,197.5 1 15
github.com/switchdatacenters/simplex-lint/internal/parser/parser.go:197.10,199.5 1 120
github.com/switchdatacenters/simplex-lint/internal/parser/parser.go:202.3,206.5 1 135
github.com/switchdatacenters/simplex-lint/internal/parser/parser.go:209.2,209.18 1 22
github.com/switchdatacenters/simplex-lint/internal/parser/parser.go:213.76,216.31 2 22
github.com/switchdatacenters/simplex-lint/internal/parser/parser.go:216.31,217.10 1 135
github.com/switchdatacenters/simplex-lint/internal/parser/parser.go:218.36,222.60 3 24
github.com/switchdatacenters/simplex-lint/internal/parser/parser.go:224.32,226.25 2 4
github.com/switchdatacenters/simplex-lint/internal/parser/parser.go:228.38,230.25 2 3
github.com/switchdatacenters/simplex-lint/internal/parser/parser.go:232.35,234.30 1 103
github.com/switchdatacenters/simplex-lint/internal/parser/parser.go:234.30,236.5 1 102
github.com/switchdatacenters/simplex-lint/internal/parser/parser.go:236.10,240.5 1 1
github.com/switchdatacenters/simplex-lint/internal/parser/parser.go:242.11,245.83 1 1
github.com/switchdatacenters/simplex-lint/internal/parser/parser.go:251.64,261.54 3 24
github.com/switchdatacenters/simplex-lint/internal/parser/parser.go:261.54,263.3 1 2
github.com/switchdatacenters/simplex-lint/internal/parser/parser.go:264.2,268.23 4 24
github.com/switchdatacenters/simplex-lint/internal/parser/parser.go:268.23,274.21 4 23
github.com/switchdatacenters/simplex-lint/internal/parser/parser.go:274.21,276.31 2 11
github.com/switchdatacenters/simplex-lint/internal/parser/parser.go:276.31,278.18 2 18
github.com/switchdatacenters/simplex-lint/internal/parser/parser.go:278.18,280.6 1 18
github.com/switchdatacenters/simplex-lint/internal/parser/parser.go:283.8,286.3 1 1
github.com/switchdatacenters/simplex-lint/internal/parser/parser.go:288.2,288.11 1 24
github.com/switchdatacenters/simplex-lint/internal/parser/parser.go:292.71,293.32 1 4
github.com/switchdatacenters/simplex-lint/internal/parser/parser.go:293.32,294.37 1 5
github.com/switchdatacenters/simplex-lint/internal/parser/parser.go:294.37,296.4 1 2
github.com/switchdatacenters/simplex-lint/internal/parser/parser.go:298.2,298.12 1 2
github.com/switchdatacenters/simplex-lint/internal/parser/parser.go:302.56,305.2 2 17
github.com/switchdatacenters/simplex-lint/internal/parser/parser.go:308.61,309.38 1 17
github.com/switchdatacenters/simplex-lint/internal/parser/parser.go:309.38,311.3 1 12
github.com/switchdatacenters/simplex-lint/internal/parser/parser.go:312.2,312.12 1 5
github.com/switchdatacenters/simplex-lint/internal/parser/parser.go:316.44,317.52 1 8
github.com/switchdatacenters/simplex-lint/internal/parser/parser.go:317.52,319.3 1 7
github.com/switchdatacenters/simplex-lint/internal/parser/parser.go:320.2,320.11 1 1
github.com/switchdatacenters/simplex-lint/internal/parser/parser.go:324.47,325.55 1 2
github.com/switchdatacenters/simplex-lint/internal/parser/parser.go:325.55,327.3 1 1
github.com/switchdatacenters/simplex-lint/internal/parser/parser.go:328.2,328.11 1 1
github.com/switchdatacenters/simplex-lint/internal/parser/parser.go:332.47,333.56 1 2
github.com/switchdatacenters/simplex-lint/internal/parser/parser.go:333.56,335.3 1 1
github.com/switchdatacenters/simplex-lint/internal/parser/parser.go:336.2,336.11 1 1
github.com/switchdatacenters/simplex-lint/internal/parser/parser.go:340.45,341.53 1 2
github.com/switchdatacenters/simplex-lint/internal/parser/parser.go:341.53,343.3 1 1
github.com/switchdatacenters/simplex-lint/internal/parser/parser.go:344.2,344.11 1 1
